

================================================================
== Vitis HLS Report for 'cordiccart2pol'
================================================================
* Date:           Fri Aug 12 11:20:13 2022

* Version:        2020.2 (Build 3064766 on Wed Nov 18 09:12:45 MST 2020)
* Project:        cordiccart2pol
* Solution:       solution1 (Vivado IP Flow Target)
* Product family: zynq
* Target device:  xc7z020-clg484-1


================================================================
== Performance Estimates
================================================================
+ Timing: 
    * Summary: 
    +--------+----------+----------+------------+
    |  Clock |  Target  | Estimated| Uncertainty|
    +--------+----------+----------+------------+
    |ap_clk  |  10.00 ns|  8.209 ns|     2.70 ns|
    +--------+----------+----------+------------+

+ Latency: 
    * Summary: 
    +---------+---------+----------+----------+-----+-----+---------+
    |  Latency (cycles) |  Latency (absolute) |  Interval | Pipeline|
    |   min   |   max   |    min   |    max   | min | max |   Type  |
    +---------+---------+----------+----------+-----+-----+---------+
    |       81|       81|  0.810 us|  0.810 us|   82|   82|     none|
    +---------+---------+----------+----------+-----+-----+---------+

    + Detail: 
        * Instance: 
        N/A

        * Loop: 
        N/A



================================================================
== Utilization Estimates
================================================================
* Summary: 
+-----------------+---------+-----+--------+-------+-----+
|       Name      | BRAM_18K| DSP |   FF   |  LUT  | URAM|
+-----------------+---------+-----+--------+-------+-----+
|DSP              |        -|    -|       -|      -|    -|
|Expression       |        -|    -|       0|   9882|    -|
|FIFO             |        -|    -|       -|      -|    -|
|Instance         |        0|    2|     552|    736|    -|
|Memory           |        -|    -|       -|      -|    -|
|Multiplexer      |        -|    -|       -|    516|    -|
|Register         |        -|    -|    1941|      -|    -|
+-----------------+---------+-----+--------+-------+-----+
|Total            |        0|    2|    2493|  11134|    0|
+-----------------+---------+-----+--------+-------+-----+
|Available        |      280|  220|  106400|  53200|    0|
+-----------------+---------+-----+--------+-------+-----+
|Utilization (%)  |        0|   ~0|       2|     20|    0|
+-----------------+---------+-----+--------+-------+-----+

+ Detail: 
    * Instance: 
    +-----------------------------------+--------------------------------+---------+----+-----+-----+-----+
    |              Instance             |             Module             | BRAM_18K| DSP|  FF | LUT | URAM|
    +-----------------------------------+--------------------------------+---------+----+-----+-----+-----+
    |control_s_axi_U                    |control_s_axi                   |        0|   0|  182|  296|    0|
    |fadd_32ns_32ns_32_5_full_dsp_1_U1  |fadd_32ns_32ns_32_5_full_dsp_1  |        0|   2|  205|  390|    0|
    |mul_32s_31ns_62_2_1_U2             |mul_32s_31ns_62_2_1             |        0|   0|  165|   50|    0|
    +-----------------------------------+--------------------------------+---------+----+-----+-----+-----+
    |Total                              |                                |        0|   2|  552|  736|    0|
    +-----------------------------------+--------------------------------+---------+----+-----+-----+-----+

    * DSP: 
    N/A

    * Memory: 
    N/A

    * FIFO: 
    N/A

    * Expression: 
    +-----------------------------+----------+----+---+----+------------+------------+
    |        Variable Name        | Operation| DSP| FF| LUT| Bitwidth P0| Bitwidth P1|
    +-----------------------------+----------+----+---+----+------------+------------+
    |p_Val2_103_fu_4160_p2        |         +|   0|  0|  39|          32|          32|
    |p_Val2_105_fu_4281_p2        |         +|   0|  0|  39|          32|          32|
    |p_Val2_111_fu_4462_p2        |         +|   0|  0|  39|          32|          32|
    |p_Val2_113_fu_4590_p2        |         +|   0|  0|  39|          32|          32|
    |p_Val2_119_fu_4771_p2        |         +|   0|  0|  39|          32|          32|
    |p_Val2_121_fu_4873_p2        |         +|   0|  0|  39|          32|          32|
    |p_Val2_126_fu_5125_p2        |         +|   0|  0|  39|          32|          32|
    |p_Val2_15_fu_821_p2          |         +|   0|  0|  39|          32|          32|
    |p_Val2_17_fu_945_p2          |         +|   0|  0|  39|          32|          32|
    |p_Val2_23_fu_1126_p2         |         +|   0|  0|  39|          32|          32|
    |p_Val2_25_fu_1247_p2         |         +|   0|  0|  39|          32|          32|
    |p_Val2_31_fu_1428_p2         |         +|   0|  0|  39|          32|          32|
    |p_Val2_33_fu_1556_p2         |         +|   0|  0|  39|          32|          32|
    |p_Val2_39_fu_1737_p2         |         +|   0|  0|  39|          32|          32|
    |p_Val2_3_fu_396_p2           |         +|   0|  0|  39|          32|          32|
    |p_Val2_41_fu_1858_p2         |         +|   0|  0|  39|          32|          32|
    |p_Val2_47_fu_2039_p2         |         +|   0|  0|  39|          32|          32|
    |p_Val2_49_fu_2160_p2         |         +|   0|  0|  39|          32|          32|
    |p_Val2_55_fu_2341_p2         |         +|   0|  0|  39|          32|          32|
    |p_Val2_57_fu_2462_p2         |         +|   0|  0|  39|          32|          32|
    |p_Val2_63_fu_2643_p2         |         +|   0|  0|  39|          32|          32|
    |p_Val2_65_fu_2764_p2         |         +|   0|  0|  39|          32|          32|
    |p_Val2_71_fu_2945_p2         |         +|   0|  0|  39|          32|          32|
    |p_Val2_73_fu_3073_p2         |         +|   0|  0|  39|          32|          32|
    |p_Val2_79_fu_3254_p2         |         +|   0|  0|  39|          32|          32|
    |p_Val2_81_fu_3375_p2         |         +|   0|  0|  39|          32|          32|
    |p_Val2_87_fu_3556_p2         |         +|   0|  0|  39|          32|          32|
    |p_Val2_89_fu_3677_p2         |         +|   0|  0|  39|          32|          32|
    |p_Val2_95_fu_3858_p2         |         +|   0|  0|  39|          32|          32|
    |p_Val2_97_fu_3979_p2         |         +|   0|  0|  39|          32|          32|
    |p_Val2_9_fu_639_p2           |         +|   0|  0|  39|          32|          32|
    |ret_V_10_fu_1112_p2          |         +|   0|  0|  40|          33|          33|
    |ret_V_11_fu_1233_p2          |         +|   0|  0|  40|          33|          33|
    |ret_V_14_fu_1414_p2          |         +|   0|  0|  40|          33|          33|
    |ret_V_15_fu_1542_p2          |         +|   0|  0|  40|          33|          33|
    |ret_V_18_fu_1723_p2          |         +|   0|  0|  40|          33|          33|
    |ret_V_19_fu_1844_p2          |         +|   0|  0|  40|          33|          33|
    |ret_V_22_fu_2025_p2          |         +|   0|  0|  40|          33|          33|
    |ret_V_23_fu_2146_p2          |         +|   0|  0|  40|          33|          33|
    |ret_V_26_fu_2327_p2          |         +|   0|  0|  40|          33|          33|
    |ret_V_27_fu_2448_p2          |         +|   0|  0|  40|          33|          33|
    |ret_V_30_fu_2629_p2          |         +|   0|  0|  40|          33|          33|
    |ret_V_31_fu_2750_p2          |         +|   0|  0|  40|          33|          33|
    |ret_V_34_fu_2931_p2          |         +|   0|  0|  40|          33|          33|
    |ret_V_35_fu_3059_p2          |         +|   0|  0|  40|          33|          33|
    |ret_V_38_fu_3240_p2          |         +|   0|  0|  40|          33|          33|
    |ret_V_39_fu_3361_p2          |         +|   0|  0|  40|          33|          33|
    |ret_V_3_fu_625_p2            |         +|   0|  0|  40|          33|          33|
    |ret_V_42_fu_3542_p2          |         +|   0|  0|  40|          33|          33|
    |ret_V_43_fu_3663_p2          |         +|   0|  0|  40|          33|          33|
    |ret_V_46_fu_3844_p2          |         +|   0|  0|  40|          33|          33|
    |ret_V_47_fu_3965_p2          |         +|   0|  0|  40|          33|          33|
    |ret_V_50_fu_4146_p2          |         +|   0|  0|  40|          33|          33|
    |ret_V_51_fu_4267_p2          |         +|   0|  0|  40|          33|          33|
    |ret_V_54_fu_4448_p2          |         +|   0|  0|  40|          33|          33|
    |ret_V_55_fu_4576_p2          |         +|   0|  0|  40|          33|          33|
    |ret_V_58_fu_4757_p2          |         +|   0|  0|  40|          33|          33|
    |ret_V_59_fu_4859_p2          |         +|   0|  0|  40|          33|          33|
    |ret_V_6_fu_807_p2            |         +|   0|  0|  40|          33|          33|
    |ret_V_7_fu_931_p2            |         +|   0|  0|  40|          33|          33|
    |ret_V_fu_382_p2              |         +|   0|  0|  40|          33|          33|
    |p_Val2_1_fu_285_p2           |         -|   0|  0|  39|           1|          32|
    |p_Val2_s_fu_247_p2           |         -|   0|  0|  39|           1|          32|
    |ret_V_12_fu_1294_p2          |         -|   0|  0|  40|          33|          33|
    |ret_V_13_fu_1354_p2          |         -|   0|  0|  40|          33|          33|
    |ret_V_16_fu_1603_p2          |         -|   0|  0|  40|          33|          33|
    |ret_V_17_fu_1663_p2          |         -|   0|  0|  40|          33|          33|
    |ret_V_1_fu_443_p2            |         -|   0|  0|  40|          33|          33|
    |ret_V_20_fu_1905_p2          |         -|   0|  0|  40|          33|          33|
    |ret_V_21_fu_1965_p2          |         -|   0|  0|  40|          33|          33|
    |ret_V_24_fu_2207_p2          |         -|   0|  0|  40|          33|          33|
    |ret_V_25_fu_2267_p2          |         -|   0|  0|  40|          33|          33|
    |ret_V_28_fu_2509_p2          |         -|   0|  0|  40|          33|          33|
    |ret_V_29_fu_2569_p2          |         -|   0|  0|  40|          33|          33|
    |ret_V_2_fu_503_p2            |         -|   0|  0|  40|          33|          33|
    |ret_V_32_fu_2811_p2          |         -|   0|  0|  40|          33|          33|
    |ret_V_33_fu_2871_p2          |         -|   0|  0|  40|          33|          33|
    |ret_V_36_fu_3120_p2          |         -|   0|  0|  40|          33|          33|
    |ret_V_37_fu_3180_p2          |         -|   0|  0|  40|          33|          33|
    |ret_V_40_fu_3422_p2          |         -|   0|  0|  40|          33|          33|
    |ret_V_41_fu_3482_p2          |         -|   0|  0|  40|          33|          33|
    |ret_V_44_fu_3724_p2          |         -|   0|  0|  40|          33|          33|
    |ret_V_45_fu_3784_p2          |         -|   0|  0|  40|          33|          33|
    |ret_V_48_fu_4026_p2          |         -|   0|  0|  40|          33|          33|
    |ret_V_49_fu_4086_p2          |         -|   0|  0|  40|          33|          33|
    |ret_V_4_fu_687_p2            |         -|   0|  0|  40|          33|          33|
    |ret_V_52_fu_4328_p2          |         -|   0|  0|  40|          33|          33|
    |ret_V_53_fu_4388_p2          |         -|   0|  0|  40|          33|          33|
    |ret_V_56_fu_4637_p2          |         -|   0|  0|  40|          33|          33|
    |ret_V_57_fu_4697_p2          |         -|   0|  0|  40|          33|          33|
    |ret_V_5_fu_747_p2            |         -|   0|  0|  40|          33|          33|
    |ret_V_60_fu_4920_p2          |         -|   0|  0|  40|          33|          33|
    |ret_V_8_fu_992_p2            |         -|   0|  0|  40|          33|          33|
    |ret_V_9_fu_1052_p2           |         -|   0|  0|  40|          33|          33|
    |and_ln340_fu_327_p2          |       and|   0|  0|   2|           1|           1|
    |and_ln781_fu_5189_p2         |       and|   0|  0|   2|           1|           1|
    |and_ln786_fu_5217_p2         |       and|   0|  0|   2|           1|           1|
    |carry_1_fu_5144_p2           |       and|   0|  0|   2|           1|           1|
    |deleted_ones_fu_5184_p2      |       and|   0|  0|   2|           1|           1|
    |overflow_10_fu_1024_p2       |       and|   0|  0|   2|           1|           1|
    |overflow_11_fu_1084_p2       |       and|   0|  0|   2|           1|           1|
    |overflow_12_fu_1145_p2       |       and|   0|  0|   2|           1|           1|
    |overflow_13_fu_1266_p2       |       and|   0|  0|   2|           1|           1|
    |overflow_14_fu_1326_p2       |       and|   0|  0|   2|           1|           1|
    |overflow_15_fu_1386_p2       |       and|   0|  0|   2|           1|           1|
    |overflow_16_fu_1447_p2       |       and|   0|  0|   2|           1|           1|
    |overflow_17_fu_1575_p2       |       and|   0|  0|   2|           1|           1|
    |overflow_18_fu_1635_p2       |       and|   0|  0|   2|           1|           1|
    |overflow_19_fu_1695_p2       |       and|   0|  0|   2|           1|           1|
    |overflow_20_fu_1756_p2       |       and|   0|  0|   2|           1|           1|
    |overflow_21_fu_1877_p2       |       and|   0|  0|   2|           1|           1|
    |overflow_22_fu_1937_p2       |       and|   0|  0|   2|           1|           1|
    |overflow_23_fu_1997_p2       |       and|   0|  0|   2|           1|           1|
    |overflow_24_fu_2058_p2       |       and|   0|  0|   2|           1|           1|
    |overflow_25_fu_2179_p2       |       and|   0|  0|   2|           1|           1|
    |overflow_26_fu_2239_p2       |       and|   0|  0|   2|           1|           1|
    |overflow_27_fu_2299_p2       |       and|   0|  0|   2|           1|           1|
    |overflow_28_fu_2360_p2       |       and|   0|  0|   2|           1|           1|
    |overflow_29_fu_2481_p2       |       and|   0|  0|   2|           1|           1|
    |overflow_2_fu_415_p2         |       and|   0|  0|   2|           1|           1|
    |overflow_30_fu_2541_p2       |       and|   0|  0|   2|           1|           1|
    |overflow_31_fu_2601_p2       |       and|   0|  0|   2|           1|           1|
    |overflow_32_fu_2662_p2       |       and|   0|  0|   2|           1|           1|
    |overflow_33_fu_2783_p2       |       and|   0|  0|   2|           1|           1|
    |overflow_34_fu_2843_p2       |       and|   0|  0|   2|           1|           1|
    |overflow_35_fu_2903_p2       |       and|   0|  0|   2|           1|           1|
    |overflow_36_fu_2964_p2       |       and|   0|  0|   2|           1|           1|
    |overflow_37_fu_3092_p2       |       and|   0|  0|   2|           1|           1|
    |overflow_38_fu_3152_p2       |       and|   0|  0|   2|           1|           1|
    |overflow_39_fu_3212_p2       |       and|   0|  0|   2|           1|           1|
    |overflow_3_fu_475_p2         |       and|   0|  0|   2|           1|           1|
    |overflow_40_fu_3273_p2       |       and|   0|  0|   2|           1|           1|
    |overflow_41_fu_3394_p2       |       and|   0|  0|   2|           1|           1|
    |overflow_42_fu_3454_p2       |       and|   0|  0|   2|           1|           1|
    |overflow_43_fu_3514_p2       |       and|   0|  0|   2|           1|           1|
    |overflow_44_fu_3575_p2       |       and|   0|  0|   2|           1|           1|
    |overflow_45_fu_3696_p2       |       and|   0|  0|   2|           1|           1|
    |overflow_46_fu_3756_p2       |       and|   0|  0|   2|           1|           1|
    |overflow_47_fu_3816_p2       |       and|   0|  0|   2|           1|           1|
    |overflow_48_fu_3877_p2       |       and|   0|  0|   2|           1|           1|
    |overflow_49_fu_3998_p2       |       and|   0|  0|   2|           1|           1|
    |overflow_4_fu_535_p2         |       and|   0|  0|   2|           1|           1|
    |overflow_50_fu_4058_p2       |       and|   0|  0|   2|           1|           1|
    |overflow_51_fu_4118_p2       |       and|   0|  0|   2|           1|           1|
    |overflow_52_fu_4179_p2       |       and|   0|  0|   2|           1|           1|
    |overflow_53_fu_4300_p2       |       and|   0|  0|   2|           1|           1|
    |overflow_54_fu_4360_p2       |       and|   0|  0|   2|           1|           1|
    |overflow_55_fu_4420_p2       |       and|   0|  0|   2|           1|           1|
    |overflow_56_fu_4481_p2       |       and|   0|  0|   2|           1|           1|
    |overflow_57_fu_4609_p2       |       and|   0|  0|   2|           1|           1|
    |overflow_58_fu_4669_p2       |       and|   0|  0|   2|           1|           1|
    |overflow_59_fu_4729_p2       |       and|   0|  0|   2|           1|           1|
    |overflow_5_fu_659_p2         |       and|   0|  0|   2|           1|           1|
    |overflow_60_fu_4790_p2       |       and|   0|  0|   2|           1|           1|
    |overflow_61_fu_4892_p2       |       and|   0|  0|   2|           1|           1|
    |overflow_62_fu_4952_p2       |       and|   0|  0|   2|           1|           1|
    |overflow_63_fu_5211_p2       |       and|   0|  0|   2|           1|           1|
    |overflow_6_fu_719_p2         |       and|   0|  0|   2|           1|           1|
    |overflow_7_fu_779_p2         |       and|   0|  0|   2|           1|           1|
    |overflow_8_fu_841_p2         |       and|   0|  0|   2|           1|           1|
    |overflow_9_fu_964_p2         |       and|   0|  0|   2|           1|           1|
    |overflow_fu_273_p2           |       and|   0|  0|   2|           1|           1|
    |underflow_fu_5235_p2         |       and|   0|  0|   2|           1|           1|
    |p_Result_s_fu_253_p2         |      icmp|   0|  0|  18|          32|           1|
    |or_ln384_fu_5248_p2          |        or|   0|  0|   2|           1|           1|
    |or_ln778_fu_5154_p2          |        or|   0|  0|   2|           1|           1|
    |or_ln780_fu_5178_p2          |        or|   0|  0|   2|           1|           1|
    |or_ln785_fu_5200_p2          |        or|   0|  0|   2|           1|           1|
    |or_ln786_fu_5223_p2          |        or|   0|  0|   2|           1|           1|
    |acc_fu_349_p3                |    select|   0|  0|  32|           1|          32|
    |current_x_V_10_fu_1286_p3    |    select|   0|  0|  32|           1|          32|
    |current_x_V_11_fu_1406_p3    |    select|   0|  0|  32|           1|          32|
    |current_x_V_13_fu_1595_p3    |    select|   0|  0|  32|           1|          32|
    |current_x_V_14_fu_1715_p3    |    select|   0|  0|  32|           1|          32|
    |current_x_V_16_fu_1897_p3    |    select|   0|  0|  32|           1|          32|
    |current_x_V_17_fu_2017_p3    |    select|   0|  0|  32|           1|          32|
    |current_x_V_19_fu_2199_p3    |    select|   0|  0|  32|           1|          32|
    |current_x_V_20_fu_2319_p3    |    select|   0|  0|  32|           1|          32|
    |current_x_V_22_fu_2501_p3    |    select|   0|  0|  32|           1|          32|
    |current_x_V_23_fu_2621_p3    |    select|   0|  0|  32|           1|          32|
    |current_x_V_25_fu_2803_p3    |    select|   0|  0|  32|           1|          32|
    |current_x_V_26_fu_2923_p3    |    select|   0|  0|  32|           1|          32|
    |current_x_V_28_fu_3112_p3    |    select|   0|  0|  32|           1|          32|
    |current_x_V_29_fu_3232_p3    |    select|   0|  0|  32|           1|          32|
    |current_x_V_31_fu_3414_p3    |    select|   0|  0|  32|           1|          32|
    |current_x_V_32_fu_3534_p3    |    select|   0|  0|  32|           1|          32|
    |current_x_V_34_fu_3716_p3    |    select|   0|  0|  32|           1|          32|
    |current_x_V_35_fu_3836_p3    |    select|   0|  0|  32|           1|          32|
    |current_x_V_37_fu_4018_p3    |    select|   0|  0|  32|           1|          32|
    |current_x_V_38_fu_4138_p3    |    select|   0|  0|  32|           1|          32|
    |current_x_V_3_fu_555_p3      |    select|   0|  0|  32|           1|          32|
    |current_x_V_40_fu_4320_p3    |    select|   0|  0|  32|           1|          32|
    |current_x_V_41_fu_4440_p3    |    select|   0|  0|  32|           1|          32|
    |current_x_V_43_fu_4629_p3    |    select|   0|  0|  32|           1|          32|
    |current_x_V_44_fu_4749_p3    |    select|   0|  0|  32|           1|          32|
    |current_x_V_46_fu_4912_p3    |    select|   0|  0|  32|           1|          32|
    |current_x_V_47_fu_4972_p3    |    select|   0|  0|  32|           1|          32|
    |current_x_V_49_fu_319_p3     |    select|   0|  0|  31|           1|          31|
    |current_x_V_50_fu_435_p3     |    select|   0|  0|  32|           1|          32|
    |current_x_V_51_fu_563_p3     |    select|   0|  0|  32|           1|          32|
    |current_x_V_52_fu_869_p3     |    select|   0|  0|  32|           1|          32|
    |current_x_V_53_fu_1173_p3    |    select|   0|  0|  32|           1|          32|
    |current_x_V_54_fu_1475_p3    |    select|   0|  0|  32|           1|          32|
    |current_x_V_55_fu_1784_p3    |    select|   0|  0|  32|           1|          32|
    |current_x_V_56_fu_2086_p3    |    select|   0|  0|  32|           1|          32|
    |current_x_V_57_fu_2388_p3    |    select|   0|  0|  32|           1|          32|
    |current_x_V_58_fu_2690_p3    |    select|   0|  0|  32|           1|          32|
    |current_x_V_59_fu_2992_p3    |    select|   0|  0|  32|           1|          32|
    |current_x_V_5_fu_799_p3      |    select|   0|  0|  32|           1|          32|
    |current_x_V_60_fu_3301_p3    |    select|   0|  0|  32|           1|          32|
    |current_x_V_61_fu_3603_p3    |    select|   0|  0|  32|           1|          32|
    |current_x_V_62_fu_3905_p3    |    select|   0|  0|  32|           1|          32|
    |current_x_V_63_fu_4207_p3    |    select|   0|  0|  32|           1|          32|
    |current_x_V_64_fu_4509_p3    |    select|   0|  0|  32|           1|          32|
    |current_x_V_65_fu_4818_p3    |    select|   0|  0|  32|           1|          32|
    |current_x_V_66_fu_4980_p3    |    select|   0|  0|  32|           1|          32|
    |current_x_V_7_fu_984_p3      |    select|   0|  0|  32|           1|          32|
    |current_x_V_8_fu_1104_p3     |    select|   0|  0|  32|           1|          32|
    |current_x_V_fu_679_p3        |    select|   0|  0|  32|           1|          32|
    |current_y_V_10_fu_1346_p3    |    select|   0|  0|  32|           1|          32|
    |current_y_V_11_fu_1467_p3    |    select|   0|  0|  32|           1|          32|
    |current_y_V_13_fu_1655_p3    |    select|   0|  0|  32|           1|          32|
    |current_y_V_14_fu_1776_p3    |    select|   0|  0|  32|           1|          32|
    |current_y_V_16_fu_1957_p3    |    select|   0|  0|  32|           1|          32|
    |current_y_V_17_fu_2078_p3    |    select|   0|  0|  32|           1|          32|
    |current_y_V_19_fu_2259_p3    |    select|   0|  0|  32|           1|          32|
    |current_y_V_20_fu_2380_p3    |    select|   0|  0|  32|           1|          32|
    |current_y_V_22_fu_2561_p3    |    select|   0|  0|  32|           1|          32|
    |current_y_V_23_fu_2682_p3    |    select|   0|  0|  32|           1|          32|
    |current_y_V_25_fu_2863_p3    |    select|   0|  0|  32|           1|          32|
    |current_y_V_26_fu_2984_p3    |    select|   0|  0|  32|           1|          32|
    |current_y_V_28_fu_3172_p3    |    select|   0|  0|  32|           1|          32|
    |current_y_V_29_fu_3293_p3    |    select|   0|  0|  32|           1|          32|
    |current_y_V_31_fu_3474_p3    |    select|   0|  0|  32|           1|          32|
    |current_y_V_32_fu_3595_p3    |    select|   0|  0|  32|           1|          32|
    |current_y_V_34_fu_3776_p3    |    select|   0|  0|  32|           1|          32|
    |current_y_V_35_fu_3897_p3    |    select|   0|  0|  32|           1|          32|
    |current_y_V_37_fu_4078_p3    |    select|   0|  0|  32|           1|          32|
    |current_y_V_38_fu_4199_p3    |    select|   0|  0|  32|           1|          32|
    |current_y_V_40_fu_4380_p3    |    select|   0|  0|  32|           1|          32|
    |current_y_V_41_fu_4501_p3    |    select|   0|  0|  32|           1|          32|
    |current_y_V_43_fu_4689_p3    |    select|   0|  0|  32|           1|          32|
    |current_y_V_44_fu_4810_p3    |    select|   0|  0|  32|           1|          32|
    |current_y_V_45_fu_4825_p3    |    select|   0|  0|  32|           1|          32|
    |current_y_V_46_fu_341_p3     |    select|   0|  0|  32|           1|          32|
    |current_y_V_47_fu_568_p3     |    select|   0|  0|  32|           1|          32|
    |current_y_V_48_fu_877_p3     |    select|   0|  0|  32|           1|          32|
    |current_y_V_49_fu_1180_p3    |    select|   0|  0|  32|           1|          32|
    |current_y_V_4_fu_739_p3      |    select|   0|  0|  32|           1|          32|
    |current_y_V_50_fu_1482_p3    |    select|   0|  0|  32|           1|          32|
    |current_y_V_51_fu_1791_p3    |    select|   0|  0|  32|           1|          32|
    |current_y_V_52_fu_2093_p3    |    select|   0|  0|  32|           1|          32|
    |current_y_V_53_fu_2395_p3    |    select|   0|  0|  32|           1|          32|
    |current_y_V_54_fu_2697_p3    |    select|   0|  0|  32|           1|          32|
    |current_y_V_55_fu_2999_p3    |    select|   0|  0|  32|           1|          32|
    |current_y_V_56_fu_3308_p3    |    select|   0|  0|  32|           1|          32|
    |current_y_V_57_fu_3610_p3    |    select|   0|  0|  32|           1|          32|
    |current_y_V_58_fu_3912_p3    |    select|   0|  0|  32|           1|          32|
    |current_y_V_59_fu_4214_p3    |    select|   0|  0|  32|           1|          32|
    |current_y_V_5_fu_861_p3      |    select|   0|  0|  32|           1|          32|
    |current_y_V_60_fu_4516_p3    |    select|   0|  0|  32|           1|          32|
    |current_y_V_7_fu_1044_p3     |    select|   0|  0|  32|           1|          32|
    |current_y_V_8_fu_1165_p3     |    select|   0|  0|  32|           1|          32|
    |current_y_V_fu_495_p3        |    select|   0|  0|  32|           1|          32|
    |r                            |    select|   0|  0|  32|           1|          32|
    |select_ln1496_10_fu_4551_p3  |    select|   0|  0|  32|           1|          32|
    |select_ln1496_13_fu_4987_p3  |    select|   0|  0|  32|           1|          32|
    |select_ln1496_16_fu_4994_p3  |    select|   0|  0|  32|           1|          32|
    |select_ln1496_19_fu_5001_p3  |    select|   0|  0|  32|           1|          32|
    |select_ln1496_22_fu_5008_p3  |    select|   0|  0|  32|           1|          32|
    |select_ln1496_25_fu_5015_p3  |    select|   0|  0|  32|           1|          32|
    |select_ln1496_28_fu_5022_p3  |    select|   0|  0|  32|           1|          32|
    |select_ln1496_31_fu_5029_p3  |    select|   0|  0|  32|           1|          32|
    |select_ln1496_34_fu_5036_p3  |    select|   0|  0|  32|           1|          32|
    |select_ln1496_37_fu_5043_p3  |    select|   0|  0|  32|           1|          32|
    |select_ln1496_40_fu_5050_p3  |    select|   0|  0|  32|           1|          32|
    |select_ln1496_43_fu_5057_p3  |    select|   0|  0|  32|           1|          32|
    |select_ln1496_45_fu_5064_p3  |    select|   0|  0|  32|           1|          32|
    |select_ln1496_4_fu_1517_p3   |    select|   0|  0|  32|           1|          32|
    |select_ln1496_7_fu_3034_p3   |    select|   0|  0|  32|           1|          32|
    |select_ln1496_fu_365_p3      |    select|   0|  0|  32|           1|          32|
    |select_ln340_1_fu_333_p3     |    select|   0|  0|  32|           1|          32|
    |select_ln340_fu_303_p3       |    select|   0|  0|  31|           1|           2|
    |select_ln384_10_fu_1096_p3   |    select|   0|  0|  33|           1|          31|
    |select_ln384_11_fu_1157_p3   |    select|   0|  0|  33|           1|          31|
    |select_ln384_12_fu_1278_p3   |    select|   0|  0|  33|           1|          31|
    |select_ln384_13_fu_1338_p3   |    select|   0|  0|  33|           1|          31|
    |select_ln384_14_fu_1398_p3   |    select|   0|  0|  33|           1|          31|
    |select_ln384_15_fu_1459_p3   |    select|   0|  0|  33|           1|          31|
    |select_ln384_16_fu_1587_p3   |    select|   0|  0|  33|           1|          31|
    |select_ln384_17_fu_1647_p3   |    select|   0|  0|  33|           1|          31|
    |select_ln384_18_fu_1707_p3   |    select|   0|  0|  33|           1|          31|
    |select_ln384_19_fu_1768_p3   |    select|   0|  0|  33|           1|          31|
    |select_ln384_1_fu_427_p3     |    select|   0|  0|  33|           1|          31|
    |select_ln384_20_fu_1889_p3   |    select|   0|  0|  33|           1|          31|
    |select_ln384_21_fu_1949_p3   |    select|   0|  0|  33|           1|          31|
    |select_ln384_22_fu_2009_p3   |    select|   0|  0|  33|           1|          31|
    |select_ln384_23_fu_2070_p3   |    select|   0|  0|  33|           1|          31|
    |select_ln384_24_fu_2191_p3   |    select|   0|  0|  33|           1|          31|
    |select_ln384_25_fu_2251_p3   |    select|   0|  0|  33|           1|          31|
    |select_ln384_26_fu_2311_p3   |    select|   0|  0|  33|           1|          31|
    |select_ln384_27_fu_2372_p3   |    select|   0|  0|  33|           1|          31|
    |select_ln384_28_fu_2493_p3   |    select|   0|  0|  33|           1|          31|
    |select_ln384_29_fu_2553_p3   |    select|   0|  0|  33|           1|          31|
    |select_ln384_2_fu_487_p3     |    select|   0|  0|  33|           1|          31|
    |select_ln384_30_fu_2613_p3   |    select|   0|  0|  33|           1|          31|
    |select_ln384_31_fu_2674_p3   |    select|   0|  0|  33|           1|          31|
    |select_ln384_32_fu_2795_p3   |    select|   0|  0|  33|           1|          31|
    |select_ln384_33_fu_2855_p3   |    select|   0|  0|  33|           1|          31|
    |select_ln384_34_fu_2915_p3   |    select|   0|  0|  33|           1|          31|
    |select_ln384_35_fu_2976_p3   |    select|   0|  0|  33|           1|          31|
    |select_ln384_36_fu_3104_p3   |    select|   0|  0|  33|           1|          31|
    |select_ln384_37_fu_3164_p3   |    select|   0|  0|  33|           1|          31|
    |select_ln384_38_fu_3224_p3   |    select|   0|  0|  33|           1|          31|
    |select_ln384_39_fu_3285_p3   |    select|   0|  0|  33|           1|          31|
    |select_ln384_3_fu_547_p3     |    select|   0|  0|  33|           1|          31|
    |select_ln384_40_fu_3406_p3   |    select|   0|  0|  33|           1|          31|
    |select_ln384_41_fu_3466_p3   |    select|   0|  0|  33|           1|          31|
    |select_ln384_42_fu_3526_p3   |    select|   0|  0|  33|           1|          31|
    |select_ln384_43_fu_3587_p3   |    select|   0|  0|  33|           1|          31|
    |select_ln384_44_fu_3708_p3   |    select|   0|  0|  33|           1|          31|
    |select_ln384_45_fu_3768_p3   |    select|   0|  0|  33|           1|          31|
    |select_ln384_46_fu_3828_p3   |    select|   0|  0|  33|           1|          31|
    |select_ln384_47_fu_3889_p3   |    select|   0|  0|  33|           1|          31|
    |select_ln384_48_fu_4010_p3   |    select|   0|  0|  33|           1|          31|
    |select_ln384_49_fu_4070_p3   |    select|   0|  0|  33|           1|          31|
    |select_ln384_4_fu_671_p3     |    select|   0|  0|  33|           1|          31|
    |select_ln384_50_fu_4130_p3   |    select|   0|  0|  33|           1|          31|
    |select_ln384_51_fu_4191_p3   |    select|   0|  0|  33|           1|          31|
    |select_ln384_52_fu_4312_p3   |    select|   0|  0|  33|           1|          31|
    |select_ln384_53_fu_4372_p3   |    select|   0|  0|  33|           1|          31|
    |select_ln384_54_fu_4432_p3   |    select|   0|  0|  33|           1|          31|
    |select_ln384_55_fu_4493_p3   |    select|   0|  0|  33|           1|          31|
    |select_ln384_56_fu_4621_p3   |    select|   0|  0|  33|           1|          31|
    |select_ln384_57_fu_4681_p3   |    select|   0|  0|  33|           1|          31|
    |select_ln384_58_fu_4741_p3   |    select|   0|  0|  33|           1|          31|
    |select_ln384_59_fu_4802_p3   |    select|   0|  0|  33|           1|          31|
    |select_ln384_5_fu_731_p3     |    select|   0|  0|  33|           1|          31|
    |select_ln384_60_fu_4904_p3   |    select|   0|  0|  33|           1|          31|
    |select_ln384_61_fu_4964_p3   |    select|   0|  0|  33|           1|          31|
    |select_ln384_62_fu_5240_p3   |    select|   0|  0|  33|           1|          31|
    |select_ln384_6_fu_791_p3     |    select|   0|  0|  33|           1|          31|
    |select_ln384_7_fu_853_p3     |    select|   0|  0|  33|           1|          31|
    |select_ln384_8_fu_976_p3     |    select|   0|  0|  33|           1|          31|
    |select_ln384_9_fu_1036_p3    |    select|   0|  0|  33|           1|          31|
    |select_ln384_fu_311_p3       |    select|   0|  0|  33|           1|          31|
    |deleted_zeros_fu_5160_p2     |       xor|   0|  0|   2|           1|           1|
    |xor_ln1496_fu_241_p2         |       xor|   0|  0|   2|           1|           2|
    |xor_ln340_10_fu_1090_p2      |       xor|   0|  0|   2|           1|           1|
    |xor_ln340_11_fu_1151_p2      |       xor|   0|  0|   2|           1|           1|
    |xor_ln340_12_fu_1272_p2      |       xor|   0|  0|   2|           1|           1|
    |xor_ln340_13_fu_1332_p2      |       xor|   0|  0|   2|           1|           1|
    |xor_ln340_14_fu_1392_p2      |       xor|   0|  0|   2|           1|           1|
    |xor_ln340_15_fu_1453_p2      |       xor|   0|  0|   2|           1|           1|
    |xor_ln340_16_fu_1581_p2      |       xor|   0|  0|   2|           1|           1|
    |xor_ln340_17_fu_1641_p2      |       xor|   0|  0|   2|           1|           1|
    |xor_ln340_18_fu_1701_p2      |       xor|   0|  0|   2|           1|           1|
    |xor_ln340_19_fu_1762_p2      |       xor|   0|  0|   2|           1|           1|
    |xor_ln340_1_fu_421_p2        |       xor|   0|  0|   2|           1|           1|
    |xor_ln340_20_fu_1883_p2      |       xor|   0|  0|   2|           1|           1|
    |xor_ln340_21_fu_1943_p2      |       xor|   0|  0|   2|           1|           1|
    |xor_ln340_22_fu_2003_p2      |       xor|   0|  0|   2|           1|           1|
    |xor_ln340_23_fu_2064_p2      |       xor|   0|  0|   2|           1|           1|
    |xor_ln340_24_fu_2185_p2      |       xor|   0|  0|   2|           1|           1|
    |xor_ln340_25_fu_2245_p2      |       xor|   0|  0|   2|           1|           1|
    |xor_ln340_26_fu_2305_p2      |       xor|   0|  0|   2|           1|           1|
    |xor_ln340_27_fu_2366_p2      |       xor|   0|  0|   2|           1|           1|
    |xor_ln340_28_fu_2487_p2      |       xor|   0|  0|   2|           1|           1|
    |xor_ln340_29_fu_2547_p2      |       xor|   0|  0|   2|           1|           1|
    |xor_ln340_2_fu_481_p2        |       xor|   0|  0|   2|           1|           1|
    |xor_ln340_30_fu_2607_p2      |       xor|   0|  0|   2|           1|           1|
    |xor_ln340_31_fu_2668_p2      |       xor|   0|  0|   2|           1|           1|
    |xor_ln340_32_fu_2789_p2      |       xor|   0|  0|   2|           1|           1|
    |xor_ln340_33_fu_2849_p2      |       xor|   0|  0|   2|           1|           1|
    |xor_ln340_34_fu_2909_p2      |       xor|   0|  0|   2|           1|           1|
    |xor_ln340_35_fu_2970_p2      |       xor|   0|  0|   2|           1|           1|
    |xor_ln340_36_fu_3098_p2      |       xor|   0|  0|   2|           1|           1|
    |xor_ln340_37_fu_3158_p2      |       xor|   0|  0|   2|           1|           1|
    |xor_ln340_38_fu_3218_p2      |       xor|   0|  0|   2|           1|           1|
    |xor_ln340_39_fu_3279_p2      |       xor|   0|  0|   2|           1|           1|
    |xor_ln340_3_fu_541_p2        |       xor|   0|  0|   2|           1|           1|
    |xor_ln340_40_fu_3400_p2      |       xor|   0|  0|   2|           1|           1|
    |xor_ln340_41_fu_3460_p2      |       xor|   0|  0|   2|           1|           1|
    |xor_ln340_42_fu_3520_p2      |       xor|   0|  0|   2|           1|           1|
    |xor_ln340_43_fu_3581_p2      |       xor|   0|  0|   2|           1|           1|
    |xor_ln340_44_fu_3702_p2      |       xor|   0|  0|   2|           1|           1|
    |xor_ln340_45_fu_3762_p2      |       xor|   0|  0|   2|           1|           1|
    |xor_ln340_46_fu_3822_p2      |       xor|   0|  0|   2|           1|           1|
    |xor_ln340_47_fu_3883_p2      |       xor|   0|  0|   2|           1|           1|
    |xor_ln340_48_fu_4004_p2      |       xor|   0|  0|   2|           1|           1|
    |xor_ln340_49_fu_4064_p2      |       xor|   0|  0|   2|           1|           1|
    |xor_ln340_4_fu_665_p2        |       xor|   0|  0|   2|           1|           1|
    |xor_ln340_50_fu_4124_p2      |       xor|   0|  0|   2|           1|           1|
    |xor_ln340_51_fu_4185_p2      |       xor|   0|  0|   2|           1|           1|
    |xor_ln340_52_fu_4306_p2      |       xor|   0|  0|   2|           1|           1|
    |xor_ln340_53_fu_4366_p2      |       xor|   0|  0|   2|           1|           1|
    |xor_ln340_54_fu_4426_p2      |       xor|   0|  0|   2|           1|           1|
    |xor_ln340_55_fu_4487_p2      |       xor|   0|  0|   2|           1|           1|
    |xor_ln340_56_fu_4615_p2      |       xor|   0|  0|   2|           1|           1|
    |xor_ln340_57_fu_4675_p2      |       xor|   0|  0|   2|           1|           1|
    |xor_ln340_58_fu_4735_p2      |       xor|   0|  0|   2|           1|           1|
    |xor_ln340_59_fu_4796_p2      |       xor|   0|  0|   2|           1|           1|
    |xor_ln340_5_fu_725_p2        |       xor|   0|  0|   2|           1|           1|
    |xor_ln340_60_fu_4898_p2      |       xor|   0|  0|   2|           1|           1|
    |xor_ln340_61_fu_4958_p2      |       xor|   0|  0|   2|           1|           1|
    |xor_ln340_6_fu_785_p2        |       xor|   0|  0|   2|           1|           1|
    |xor_ln340_7_fu_847_p2        |       xor|   0|  0|   2|           1|           1|
    |xor_ln340_8_fu_970_p2        |       xor|   0|  0|   2|           1|           1|
    |xor_ln340_9_fu_1030_p2       |       xor|   0|  0|   2|           1|           1|
    |xor_ln340_fu_279_p2          |       xor|   0|  0|   2|           1|           1|
    |xor_ln416_fu_5138_p2         |       xor|   0|  0|   2|           1|           2|
    |xor_ln778_fu_5149_p2         |       xor|   0|  0|   2|           1|           2|
    |xor_ln780_fu_5172_p2         |       xor|   0|  0|   2|           1|           2|
    |xor_ln785_10_fu_1078_p2      |       xor|   0|  0|   2|           1|           2|
    |xor_ln785_11_fu_1139_p2      |       xor|   0|  0|   2|           1|           2|
    |xor_ln785_12_fu_1260_p2      |       xor|   0|  0|   2|           1|           2|
    |xor_ln785_13_fu_1320_p2      |       xor|   0|  0|   2|           1|           2|
    |xor_ln785_14_fu_1380_p2      |       xor|   0|  0|   2|           1|           2|
    |xor_ln785_15_fu_1441_p2      |       xor|   0|  0|   2|           1|           2|
    |xor_ln785_16_fu_1569_p2      |       xor|   0|  0|   2|           1|           2|
    |xor_ln785_17_fu_1629_p2      |       xor|   0|  0|   2|           1|           2|
    |xor_ln785_18_fu_1689_p2      |       xor|   0|  0|   2|           1|           2|
    |xor_ln785_19_fu_1750_p2      |       xor|   0|  0|   2|           1|           2|
    |xor_ln785_1_fu_409_p2        |       xor|   0|  0|   2|           1|           2|
    |xor_ln785_20_fu_1871_p2      |       xor|   0|  0|   2|           1|           2|
    |xor_ln785_21_fu_1931_p2      |       xor|   0|  0|   2|           1|           2|
    |xor_ln785_22_fu_1991_p2      |       xor|   0|  0|   2|           1|           2|
    |xor_ln785_23_fu_2052_p2      |       xor|   0|  0|   2|           1|           2|
    |xor_ln785_24_fu_2173_p2      |       xor|   0|  0|   2|           1|           2|
    |xor_ln785_25_fu_2233_p2      |       xor|   0|  0|   2|           1|           2|
    |xor_ln785_26_fu_2293_p2      |       xor|   0|  0|   2|           1|           2|
    |xor_ln785_27_fu_2354_p2      |       xor|   0|  0|   2|           1|           2|
    |xor_ln785_28_fu_2475_p2      |       xor|   0|  0|   2|           1|           2|
    |xor_ln785_29_fu_2535_p2      |       xor|   0|  0|   2|           1|           2|
    |xor_ln785_2_fu_469_p2        |       xor|   0|  0|   2|           1|           2|
    |xor_ln785_30_fu_2595_p2      |       xor|   0|  0|   2|           1|           2|
    |xor_ln785_31_fu_2656_p2      |       xor|   0|  0|   2|           1|           2|
    |xor_ln785_32_fu_2777_p2      |       xor|   0|  0|   2|           1|           2|
    |xor_ln785_33_fu_2837_p2      |       xor|   0|  0|   2|           1|           2|
    |xor_ln785_34_fu_2897_p2      |       xor|   0|  0|   2|           1|           2|
    |xor_ln785_35_fu_2958_p2      |       xor|   0|  0|   2|           1|           2|
    |xor_ln785_36_fu_3086_p2      |       xor|   0|  0|   2|           1|           2|
    |xor_ln785_37_fu_3146_p2      |       xor|   0|  0|   2|           1|           2|
    |xor_ln785_38_fu_3206_p2      |       xor|   0|  0|   2|           1|           2|
    |xor_ln785_39_fu_3267_p2      |       xor|   0|  0|   2|           1|           2|
    |xor_ln785_3_fu_529_p2        |       xor|   0|  0|   2|           1|           2|
    |xor_ln785_40_fu_3388_p2      |       xor|   0|  0|   2|           1|           2|
    |xor_ln785_41_fu_3448_p2      |       xor|   0|  0|   2|           1|           2|
    |xor_ln785_42_fu_3508_p2      |       xor|   0|  0|   2|           1|           2|
    |xor_ln785_43_fu_3569_p2      |       xor|   0|  0|   2|           1|           2|
    |xor_ln785_44_fu_3690_p2      |       xor|   0|  0|   2|           1|           2|
    |xor_ln785_45_fu_3750_p2      |       xor|   0|  0|   2|           1|           2|
    |xor_ln785_46_fu_3810_p2      |       xor|   0|  0|   2|           1|           2|
    |xor_ln785_47_fu_3871_p2      |       xor|   0|  0|   2|           1|           2|
    |xor_ln785_48_fu_3992_p2      |       xor|   0|  0|   2|           1|           2|
    |xor_ln785_49_fu_4052_p2      |       xor|   0|  0|   2|           1|           2|
    |xor_ln785_4_fu_653_p2        |       xor|   0|  0|   2|           1|           2|
    |xor_ln785_50_fu_4112_p2      |       xor|   0|  0|   2|           1|           2|
    |xor_ln785_51_fu_4173_p2      |       xor|   0|  0|   2|           1|           2|
    |xor_ln785_52_fu_4294_p2      |       xor|   0|  0|   2|           1|           2|
    |xor_ln785_53_fu_4354_p2      |       xor|   0|  0|   2|           1|           2|
    |xor_ln785_54_fu_4414_p2      |       xor|   0|  0|   2|           1|           2|
    |xor_ln785_55_fu_4475_p2      |       xor|   0|  0|   2|           1|           2|
    |xor_ln785_56_fu_4603_p2      |       xor|   0|  0|   2|           1|           2|
    |xor_ln785_57_fu_4663_p2      |       xor|   0|  0|   2|           1|           2|
    |xor_ln785_58_fu_4723_p2      |       xor|   0|  0|   2|           1|           2|
    |xor_ln785_59_fu_4784_p2      |       xor|   0|  0|   2|           1|           2|
    |xor_ln785_5_fu_713_p2        |       xor|   0|  0|   2|           1|           2|
    |xor_ln785_60_fu_4886_p2      |       xor|   0|  0|   2|           1|           2|
    |xor_ln785_61_fu_4946_p2      |       xor|   0|  0|   2|           1|           2|
    |xor_ln785_62_fu_5194_p2      |       xor|   0|  0|   2|           1|           2|
    |xor_ln785_63_fu_5206_p2      |       xor|   0|  0|   2|           1|           2|
    |xor_ln785_6_fu_773_p2        |       xor|   0|  0|   2|           1|           2|
    |xor_ln785_7_fu_835_p2        |       xor|   0|  0|   2|           1|           2|
    |xor_ln785_8_fu_958_p2        |       xor|   0|  0|   2|           1|           2|
    |xor_ln785_9_fu_1018_p2       |       xor|   0|  0|   2|           1|           2|
    |xor_ln785_fu_267_p2          |       xor|   0|  0|   2|           1|           2|
    |xor_ln786_fu_5229_p2         |       xor|   0|  0|   2|           1|           2|
    +-----------------------------+----------+----+---+----+------------+------------+
    |Total                        |          |   0|  0|9882|        3422|        8915|
    +-----------------------------+----------+----+---+----+------------+------------+

    * Multiplexer: 
    +---------------+-----+-----------+-----+-----------+
    |      Name     | LUT | Input Size| Bits| Total Bits|
    +---------------+-----+-----------+-----+-----------+
    |ap_NS_fsm      |  421|         83|    1|         83|
    |grp_fu_220_p0  |   14|          3|   32|         96|
    |grp_fu_220_p1  |   81|         17|   32|        544|
    +---------------+-----+-----------+-----+-----------+
    |Total          |  516|        103|   65|        723|
    +---------------+-----+-----------+-----+-----------+

    * Register: 
    +---------------------------+----+----+-----+-----------+
    |            Name           | FF | LUT| Bits| Const Bits|
    +---------------------------+----+----+-----+-----------+
    |Range2_all_ones_reg_5850   |   1|   0|    1|          0|
    |acc_reg_5280               |   1|   0|   32|         31|
    |ap_CS_fsm                  |  82|   0|   82|          0|
    |current_x_V_3_reg_5307     |  32|   0|   32|          0|
    |current_x_V_49_reg_5268    |  31|   0|   31|          0|
    |current_x_V_50_reg_5296    |  32|   0|   32|          0|
    |current_x_V_52_reg_5317    |  32|   0|   32|          0|
    |current_x_V_53_reg_5348    |  32|   0|   32|          0|
    |current_x_V_54_reg_5379    |  32|   0|   32|          0|
    |current_x_V_55_reg_5415    |  32|   0|   32|          0|
    |current_x_V_56_reg_5446    |  32|   0|   32|          0|
    |current_x_V_57_reg_5477    |  32|   0|   32|          0|
    |current_x_V_58_reg_5508    |  32|   0|   32|          0|
    |current_x_V_59_reg_5539    |  32|   0|   32|          0|
    |current_x_V_60_reg_5575    |  32|   0|   32|          0|
    |current_x_V_61_reg_5606    |  32|   0|   32|          0|
    |current_x_V_62_reg_5637    |  32|   0|   32|          0|
    |current_x_V_63_reg_5668    |  32|   0|   32|          0|
    |current_x_V_64_reg_5699    |  32|   0|   32|          0|
    |current_x_V_65_reg_5735    |  32|   0|   32|          0|
    |current_x_V_66_reg_5753    |  32|   0|   32|          0|
    |current_y_V_46_reg_5274    |  32|   0|   32|          0|
    |current_y_V_48_reg_5323    |  32|   0|   32|          0|
    |current_y_V_49_reg_5354    |  32|   0|   32|          0|
    |current_y_V_50_reg_5385    |  32|   0|   32|          0|
    |current_y_V_51_reg_5421    |  32|   0|   32|          0|
    |current_y_V_52_reg_5452    |  32|   0|   32|          0|
    |current_y_V_53_reg_5483    |  32|   0|   32|          0|
    |current_y_V_54_reg_5514    |  32|   0|   32|          0|
    |current_y_V_55_reg_5545    |  32|   0|   32|          0|
    |current_y_V_56_reg_5581    |  32|   0|   32|          0|
    |current_y_V_57_reg_5612    |  32|   0|   32|          0|
    |current_y_V_58_reg_5643    |  32|   0|   32|          0|
    |current_y_V_59_reg_5674    |  32|   0|   32|          0|
    |current_y_V_60_reg_5705    |  32|   0|   32|          0|
    |current_y_V_reg_5302       |  32|   0|   32|          0|
    |p_Result_125_reg_5828      |   1|   0|    1|          0|
    |p_Result_126_reg_5839      |   1|   0|    1|          0|
    |p_Val2_125_reg_5834        |  32|   0|   32|          0|
    |r_V_10_reg_5391            |  28|   0|   28|          0|
    |r_V_11_reg_5397            |  28|   0|   28|          0|
    |r_V_12_reg_5427            |  27|   0|   27|          0|
    |r_V_13_reg_5433            |  27|   0|   27|          0|
    |r_V_14_reg_5458            |  26|   0|   26|          0|
    |r_V_15_reg_5464            |  26|   0|   26|          0|
    |r_V_16_reg_5489            |  25|   0|   25|          0|
    |r_V_17_reg_5495            |  25|   0|   25|          0|
    |r_V_18_reg_5520            |  24|   0|   24|          0|
    |r_V_19_reg_5526            |  24|   0|   24|          0|
    |r_V_20_reg_5551            |  23|   0|   23|          0|
    |r_V_21_reg_5557            |  23|   0|   23|          0|
    |r_V_22_reg_5587            |  22|   0|   22|          0|
    |r_V_23_reg_5593            |  22|   0|   22|          0|
    |r_V_24_reg_5618            |  21|   0|   21|          0|
    |r_V_25_reg_5624            |  21|   0|   21|          0|
    |r_V_26_reg_5649            |  20|   0|   20|          0|
    |r_V_27_reg_5655            |  20|   0|   20|          0|
    |r_V_28_reg_5680            |  19|   0|   19|          0|
    |r_V_29_reg_5686            |  19|   0|   19|          0|
    |r_V_30_reg_5711            |  18|   0|   18|          0|
    |r_V_31_reg_5717            |  18|   0|   18|          0|
    |r_V_32_reg_5741            |  17|   0|   17|          0|
    |r_V_6_reg_5329             |  30|   0|   30|          0|
    |r_V_7_reg_5335             |  30|   0|   30|          0|
    |r_V_8_reg_5360             |  29|   0|   29|          0|
    |r_V_9_reg_5366             |  29|   0|   29|          0|
    |r_V_reg_5823               |  62|   0|   62|          0|
    |reg_224                    |  32|   0|   32|          0|
    |select_ln1496_10_reg_5730  |   1|   0|   32|         31|
    |select_ln1496_13_reg_5758  |   1|   0|   32|         31|
    |select_ln1496_16_reg_5763  |   1|   0|   32|         31|
    |select_ln1496_19_reg_5768  |   1|   0|   32|         31|
    |select_ln1496_22_reg_5773  |   1|   0|   32|         31|
    |select_ln1496_25_reg_5778  |   1|   0|   32|         31|
    |select_ln1496_28_reg_5783  |   1|   0|   32|         31|
    |select_ln1496_31_reg_5788  |   1|   0|   32|         31|
    |select_ln1496_34_reg_5793  |   1|   0|   32|         31|
    |select_ln1496_37_reg_5798  |   1|   0|   32|         31|
    |select_ln1496_40_reg_5803  |   1|   0|   32|         31|
    |select_ln1496_43_reg_5808  |   1|   0|   32|         31|
    |select_ln1496_45_reg_5813  |   1|   0|   32|         31|
    |select_ln1496_4_reg_5410   |   1|   0|   32|         31|
    |select_ln1496_7_reg_5570   |   1|   0|   32|         31|
    |select_ln1496_reg_5291     |   1|   0|   32|         31|
    |tmp_100_reg_5630           |   1|   0|    1|          0|
    |tmp_109_reg_5661           |   1|   0|    1|          0|
    |tmp_10_reg_5312            |   1|   0|    1|          0|
    |tmp_118_reg_5692           |   1|   0|    1|          0|
    |tmp_127_reg_5723           |   1|   0|    1|          0|
    |tmp_136_reg_5747           |   1|   0|    1|          0|
    |tmp_143_reg_5845           |   1|   0|    1|          0|
    |tmp_19_reg_5341            |   1|   0|    1|          0|
    |tmp_28_reg_5372            |   1|   0|    1|          0|
    |tmp_37_reg_5403            |   1|   0|    1|          0|
    |tmp_3_reg_5285             |   1|   0|    1|          0|
    |tmp_46_reg_5439            |   1|   0|    1|          0|
    |tmp_55_reg_5470            |   1|   0|    1|          0|
    |tmp_64_reg_5501            |   1|   0|    1|          0|
    |tmp_73_reg_5532            |   1|   0|    1|          0|
    |tmp_82_reg_5563            |   1|   0|    1|          0|
    |tmp_91_reg_5599            |   1|   0|    1|          0|
    +---------------------------+----+----+-----+-----------+
    |Total                      |1941|   0| 2468|        527|
    +---------------------------+----+----+-----+-----------+



================================================================
== Interface
================================================================
* Summary: 
+-----------------------+-----+-----+------------+----------------+--------------+
|       RTL Ports       | Dir | Bits|  Protocol  |  Source Object |    C Type    |
+-----------------------+-----+-----+------------+----------------+--------------+
|s_axi_control_AWVALID  |   in|    1|       s_axi|         control|       pointer|
|s_axi_control_AWREADY  |  out|    1|       s_axi|         control|       pointer|
|s_axi_control_AWADDR   |   in|    6|       s_axi|         control|       pointer|
|s_axi_control_WVALID   |   in|    1|       s_axi|         control|       pointer|
|s_axi_control_WREADY   |  out|    1|       s_axi|         control|       pointer|
|s_axi_control_WDATA    |   in|   32|       s_axi|         control|       pointer|
|s_axi_control_WSTRB    |   in|    4|       s_axi|         control|       pointer|
|s_axi_control_ARVALID  |   in|    1|       s_axi|         control|       pointer|
|s_axi_control_ARREADY  |  out|    1|       s_axi|         control|       pointer|
|s_axi_control_ARADDR   |   in|    6|       s_axi|         control|       pointer|
|s_axi_control_RVALID   |  out|    1|       s_axi|         control|       pointer|
|s_axi_control_RREADY   |   in|    1|       s_axi|         control|       pointer|
|s_axi_control_RDATA    |  out|   32|       s_axi|         control|       pointer|
|s_axi_control_RRESP    |  out|    2|       s_axi|         control|       pointer|
|s_axi_control_BVALID   |  out|    1|       s_axi|         control|       pointer|
|s_axi_control_BREADY   |   in|    1|       s_axi|         control|       pointer|
|s_axi_control_BRESP    |  out|    2|       s_axi|         control|       pointer|
|ap_clk                 |   in|    1|  ap_ctrl_hs|  cordiccart2pol|  return value|
|ap_rst_n               |   in|    1|  ap_ctrl_hs|  cordiccart2pol|  return value|
|ap_start               |   in|    1|  ap_ctrl_hs|  cordiccart2pol|  return value|
|ap_done                |  out|    1|  ap_ctrl_hs|  cordiccart2pol|  return value|
|ap_idle                |  out|    1|  ap_ctrl_hs|  cordiccart2pol|  return value|
|ap_ready               |  out|    1|  ap_ctrl_hs|  cordiccart2pol|  return value|
+-----------------------+-----+-----+------------+----------------+--------------+

