

================================================================
== Vitis HLS Report for 'rawcordic'
================================================================
* Date:           Fri Aug 12 10:05:01 2022

* Version:        2020.2 (Build 3064766 on Wed Nov 18 09:12:45 MST 2020)
* Project:        Lab3_rawcordic
* Solution:       solution1 (Vivado IP Flow Target)
* Product family: zynq
* Target device:  xc7z020-clg484-1


================================================================
== Performance Estimates
================================================================
+ Timing: 
    * Summary: 
    +--------+----------+----------+------------+
    |  Clock |  Target  | Estimated| Uncertainty|
    +--------+----------+----------+------------+
    |ap_clk  |  10.00 ns|  6.761 ns|     2.70 ns|
    +--------+----------+----------+------------+

+ Latency: 
    * Summary: 
    +---------+---------+----------+----------+-----+-----+---------+
    |  Latency (cycles) |  Latency (absolute) |  Interval | Pipeline|
    |   min   |   max   |    min   |    max   | min | max |   Type  |
    +---------+---------+----------+----------+-----+-----+---------+
    |       14|       14|  0.140 us|  0.140 us|   15|   15|     none|
    +---------+---------+----------+----------+-----+-----+---------+

    + Detail: 
        * Instance: 
        N/A

        * Loop: 
        N/A



================================================================
== Utilization Estimates
================================================================
* Summary: 
+-----------------+---------+-----+--------+-------+-----+
|       Name      | BRAM_18K| DSP |   FF   |  LUT  | URAM|
+-----------------+---------+-----+--------+-------+-----+
|DSP              |        -|    -|       -|      -|    -|
|Expression       |        -|    -|       0|   2414|    -|
|FIFO             |        -|    -|       -|      -|    -|
|Instance         |        0|    -|      97|    138|    -|
|Memory           |        -|    -|       -|      -|    -|
|Multiplexer      |        -|    -|       -|     79|    -|
|Register         |        -|    -|     558|      -|    -|
+-----------------+---------+-----+--------+-------+-----+
|Total            |        0|    0|     655|   2631|    0|
+-----------------+---------+-----+--------+-------+-----+
|Available        |      280|  220|  106400|  53200|    0|
+-----------------+---------+-----+--------+-------+-----+
|Utilization (%)  |        0|    0|      ~0|      4|    0|
+-----------------+---------+-----+--------+-------+-----+

+ Detail: 
    * Instance: 
    +-----------------+---------------+---------+----+----+-----+-----+
    |     Instance    |     Module    | BRAM_18K| DSP| FF | LUT | URAM|
    +-----------------+---------------+---------+----+----+-----+-----+
    |control_s_axi_U  |control_s_axi  |        0|   0|  97|  138|    0|
    +-----------------+---------------+---------+----+----+-----+-----+
    |Total            |               |        0|   0|  97|  138|    0|
    +-----------------+---------------+---------+----+----+-----+-----+

    * DSP: 
    N/A

    * Memory: 
    N/A

    * FIFO: 
    N/A

    * Expression: 
    +-----------------------------+----------+----+---+----+------------+------------+
    |        Variable Name        | Operation| DSP| FF| LUT| Bitwidth P0| Bitwidth P1|
    +-----------------------------+----------+----+---+----+------------+------------+
    |add_ln1496_10_fu_475_p2      |         +|   0|  0|  17|          17|           9|
    |add_ln1496_12_fu_715_p2      |         +|   0|  0|  17|          17|           8|
    |add_ln1496_14_fu_875_p2      |         +|   0|  0|  17|          17|           7|
    |add_ln1496_16_fu_1035_p2     |         +|   0|  0|  17|          17|           6|
    |add_ln1496_18_fu_1195_p2     |         +|   0|  0|  17|          17|           5|
    |add_ln1496_20_fu_1335_p2     |         +|   0|  0|  17|          17|           5|
    |add_ln1496_22_fu_1429_p2     |         +|   0|  0|  17|          17|           3|
    |add_ln1496_24_fu_1570_p2     |         +|   0|  0|  17|          17|           3|
    |add_ln1496_2_fu_339_p2       |         +|   0|  0|  17|          17|          13|
    |add_ln1496_4_fu_373_p2       |         +|   0|  0|  17|          17|          12|
    |add_ln1496_6_fu_407_p2       |         +|   0|  0|  17|          17|          11|
    |add_ln1496_8_fu_441_p2       |         +|   0|  0|  17|          17|          10|
    |add_ln1496_fu_305_p2         |         +|   0|  0|  17|          17|          14|
    |add_ln703_10_fu_976_p2       |         +|   0|  0|  23|          16|          16|
    |add_ln703_11_fu_982_p2       |         +|   0|  0|  23|          16|          16|
    |add_ln703_12_fu_1073_p2      |         +|   0|  0|  23|          16|          16|
    |add_ln703_13_fu_1078_p2      |         +|   0|  0|  23|          16|          16|
    |add_ln703_14_fu_1136_p2      |         +|   0|  0|  23|          16|          16|
    |add_ln703_15_fu_1142_p2      |         +|   0|  0|  23|          16|          16|
    |add_ln703_16_fu_1233_p2      |         +|   0|  0|  23|          16|          16|
    |add_ln703_17_fu_1238_p2      |         +|   0|  0|  23|          16|          16|
    |add_ln703_18_fu_1296_p2      |         +|   0|  0|  23|          16|          16|
    |add_ln703_19_fu_1302_p2      |         +|   0|  0|  23|          16|          16|
    |add_ln703_1_fu_592_p2        |         +|   0|  0|  20|          15|          15|
    |add_ln703_20_fu_1393_p2      |         +|   0|  0|  23|          16|          16|
    |add_ln703_21_fu_1398_p2      |         +|   0|  0|  23|          16|          16|
    |add_ln703_22_fu_1482_p2      |         +|   0|  0|  23|          16|          16|
    |add_ln703_23_fu_1488_p2      |         +|   0|  0|  23|          16|          16|
    |add_ln703_24_fu_1600_p2      |         +|   0|  0|  23|          16|          16|
    |add_ln703_25_fu_1605_p2      |         +|   0|  0|  23|          16|          16|
    |add_ln703_2_fu_656_p2        |         +|   0|  0|  23|          16|          16|
    |add_ln703_3_fu_662_p2        |         +|   0|  0|  23|          16|          16|
    |add_ln703_4_fu_753_p2        |         +|   0|  0|  23|          16|          16|
    |add_ln703_5_fu_758_p2        |         +|   0|  0|  23|          16|          16|
    |add_ln703_6_fu_816_p2        |         +|   0|  0|  23|          16|          16|
    |add_ln703_7_fu_822_p2        |         +|   0|  0|  23|          16|          16|
    |add_ln703_8_fu_913_p2        |         +|   0|  0|  23|          16|          16|
    |add_ln703_9_fu_918_p2        |         +|   0|  0|  23|          16|          16|
    |add_ln703_fu_586_p2          |         +|   0|  0|  23|          16|          16|
    |theta_V_10_fu_720_p2         |         +|   0|  0|  17|          17|          17|
    |theta_V_11_fu_880_p2         |         +|   0|  0|  17|          17|          17|
    |theta_V_12_fu_1040_p2        |         +|   0|  0|  17|          17|          17|
    |theta_V_13_fu_1200_p2        |         +|   0|  0|  17|          17|          17|
    |theta_V_14_fu_1340_p2        |         +|   0|  0|  17|          17|          17|
    |theta_V_15_fu_1434_p2        |         +|   0|  0|  17|          17|          17|
    |theta_V_16_fu_1575_p2        |         +|   0|  0|  17|          17|          17|
    |theta_V_3_fu_276_p2          |         +|   0|  0|  24|          17|          17|
    |theta_V_4_fu_310_p2          |         +|   0|  0|  17|          17|          17|
    |theta_V_5_fu_344_p2          |         +|   0|  0|  17|          17|          17|
    |theta_V_6_fu_378_p2          |         +|   0|  0|  17|          17|          17|
    |theta_V_7_fu_412_p2          |         +|   0|  0|  17|          17|          17|
    |theta_V_8_fu_446_p2          |         +|   0|  0|  17|          17|          17|
    |theta_V_9_fu_480_p2          |         +|   0|  0|  17|          17|          17|
    |grp_fu_206_p2                |         -|   0|  0|  23|           1|          16|
    |sub_ln703_10_fu_970_p2       |         -|   0|  0|  23|          16|          16|
    |sub_ln703_11_fu_988_p2       |         -|   0|  0|  23|          16|          16|
    |sub_ln703_12_fu_1068_p2      |         -|   0|  0|  23|          16|          16|
    |sub_ln703_13_fu_1083_p2      |         -|   0|  0|  23|          16|          16|
    |sub_ln703_14_fu_1130_p2      |         -|   0|  0|  23|          16|          16|
    |sub_ln703_15_fu_1148_p2      |         -|   0|  0|  23|          16|          16|
    |sub_ln703_16_fu_1228_p2      |         -|   0|  0|  23|          16|          16|
    |sub_ln703_17_fu_1243_p2      |         -|   0|  0|  23|          16|          16|
    |sub_ln703_18_fu_1290_p2      |         -|   0|  0|  23|          16|          16|
    |sub_ln703_19_fu_1308_p2      |         -|   0|  0|  23|          16|          16|
    |sub_ln703_1_fu_598_p2        |         -|   0|  0|  23|          16|          16|
    |sub_ln703_20_fu_1388_p2      |         -|   0|  0|  23|          16|          16|
    |sub_ln703_21_fu_1403_p2      |         -|   0|  0|  23|          16|          16|
    |sub_ln703_22_fu_1476_p2      |         -|   0|  0|  23|          16|          16|
    |sub_ln703_23_fu_1494_p2      |         -|   0|  0|  23|          16|          16|
    |sub_ln703_24_fu_1595_p2      |         -|   0|  0|  23|          16|          16|
    |sub_ln703_25_fu_1610_p2      |         -|   0|  0|  23|          16|          16|
    |sub_ln703_2_fu_650_p2        |         -|   0|  0|  23|          16|          16|
    |sub_ln703_3_fu_668_p2        |         -|   0|  0|  23|          16|          16|
    |sub_ln703_4_fu_748_p2        |         -|   0|  0|  23|          16|          16|
    |sub_ln703_5_fu_763_p2        |         -|   0|  0|  23|          16|          16|
    |sub_ln703_6_fu_810_p2        |         -|   0|  0|  23|          16|          16|
    |sub_ln703_7_fu_828_p2        |         -|   0|  0|  23|          16|          16|
    |sub_ln703_8_fu_908_p2        |         -|   0|  0|  23|          16|          16|
    |sub_ln703_9_fu_923_p2        |         -|   0|  0|  23|          16|          16|
    |sub_ln703_fu_580_p2          |         -|   0|  0|  20|          15|          15|
    |theta_V_1_fu_230_p2          |         -|   0|  0|  24|          17|          17|
    |theta_V_fu_218_p2            |         -|   0|  0|  24|          16|          17|
    |icmp_ln1494_fu_212_p2        |      icmp|   0|  0|  13|          17|          15|
    |icmp_ln1495_fu_224_p2        |      icmp|   0|  0|  13|          17|          16|
    |or_ln1494_fu_1551_p2         |        or|   0|  0|   2|           1|           1|
    |current_cos_V_fu_1624_p3     |    select|   0|  0|  16|           1|          16|
    |flag_V_fu_1555_p3            |    select|   0|  0|   2|           1|           2|
    |s                            |    select|   0|  0|  16|           1|          16|
    |select_ln1192_fu_509_p3      |    select|   0|  0|  14|           1|          14|
    |select_ln1333_fu_541_p3      |    select|   0|  0|  14|           1|          14|
    |select_ln1494_1_fu_1544_p3   |    select|   0|  0|   3|           1|           1|
    |select_ln1496_10_fu_400_p3   |    select|   0|  0|  11|           1|          11|
    |select_ln1496_11_fu_834_p3   |    select|   0|  0|  16|           1|          16|
    |select_ln1496_12_fu_841_p3   |    select|   0|  0|  16|           1|          16|
    |select_ln1496_13_fu_434_p3   |    select|   0|  0|  10|           1|          10|
    |select_ln1496_14_fu_928_p3   |    select|   0|  0|  16|           1|          16|
    |select_ln1496_15_fu_935_p3   |    select|   0|  0|  16|           1|          16|
    |select_ln1496_16_fu_468_p3   |    select|   0|  0|   9|           1|           9|
    |select_ln1496_17_fu_994_p3   |    select|   0|  0|  16|           1|          16|
    |select_ln1496_18_fu_1001_p3  |    select|   0|  0|  16|           1|          16|
    |select_ln1496_19_fu_708_p3   |    select|   0|  0|   8|           1|           8|
    |select_ln1496_1_fu_298_p3    |    select|   0|  0|  14|           1|          14|
    |select_ln1496_20_fu_1088_p3  |    select|   0|  0|  16|           1|          16|
    |select_ln1496_21_fu_1095_p3  |    select|   0|  0|  16|           1|          16|
    |select_ln1496_22_fu_868_p3   |    select|   0|  0|   7|           1|           7|
    |select_ln1496_23_fu_1154_p3  |    select|   0|  0|  16|           1|          16|
    |select_ln1496_24_fu_1161_p3  |    select|   0|  0|  16|           1|          16|
    |select_ln1496_25_fu_1028_p3  |    select|   0|  0|   6|           1|           6|
    |select_ln1496_26_fu_1248_p3  |    select|   0|  0|  16|           1|          16|
    |select_ln1496_27_fu_1255_p3  |    select|   0|  0|  16|           1|          16|
    |select_ln1496_28_fu_1188_p3  |    select|   0|  0|   5|           1|           5|
    |select_ln1496_29_fu_1314_p3  |    select|   0|  0|  16|           1|          16|
    |select_ln1496_2_fu_604_p3    |    select|   0|  0|  16|           1|          16|
    |select_ln1496_30_fu_1321_p3  |    select|   0|  0|  16|           1|          16|
    |select_ln1496_31_fu_1328_p3  |    select|   0|  0|   5|           1|           5|
    |select_ln1496_32_fu_1408_p3  |    select|   0|  0|  16|           1|          16|
    |select_ln1496_33_fu_1415_p3  |    select|   0|  0|  16|           1|          16|
    |select_ln1496_34_fu_1422_p3  |    select|   0|  0|   3|           1|           3|
    |select_ln1496_35_fu_1500_p3  |    select|   0|  0|  16|           1|          16|
    |select_ln1496_36_fu_1508_p3  |    select|   0|  0|  16|           1|          16|
    |select_ln1496_37_fu_1563_p3  |    select|   0|  0|   3|           1|           3|
    |select_ln1496_3_fu_611_p3    |    select|   0|  0|  15|           1|          15|
    |select_ln1496_4_fu_332_p3    |    select|   0|  0|  13|           1|          13|
    |select_ln1496_5_fu_674_p3    |    select|   0|  0|  16|           1|          16|
    |select_ln1496_6_fu_681_p3    |    select|   0|  0|  16|           1|          16|
    |select_ln1496_7_fu_366_p3    |    select|   0|  0|  12|           1|          12|
    |select_ln1496_8_fu_768_p3    |    select|   0|  0|  16|           1|          16|
    |select_ln1496_9_fu_775_p3    |    select|   0|  0|  16|           1|          16|
    |select_ln1496_fu_530_p3      |    select|   0|  0|  15|           1|          15|
    |select_ln23_fu_236_p3        |    select|   0|  0|  17|           1|          17|
    |select_ln49_fu_268_p3        |    select|   0|  0|  15|           1|          14|
    |select_ln703_1_fu_516_p3     |    select|   0|  0|  13|           1|          13|
    |select_ln703_2_fu_523_p3     |    select|   0|  0|  15|           1|          15|
    |select_ln703_fu_502_p3       |    select|   0|  0|  13|           1|          12|
    |theta_V_2_fu_244_p3          |    select|   0|  0|  17|           1|          17|
    +-----------------------------+----------+----+---+----+------------+------------+
    |Total                        |          |   0|  0|2414|        1408|        1911|
    +-----------------------------+----------+----+---+----+------------+------------+

    * Multiplexer: 
    +-----------+----+-----------+-----+-----------+
    |    Name   | LUT| Input Size| Bits| Total Bits|
    +-----------+----+-----------+-----+-----------+
    |ap_NS_fsm  |  65|         16|    1|         16|
    |c          |  14|          3|   16|         48|
    +-----------+----+-----------+-----+-----------+
    |Total      |  79|         19|   17|         64|
    +-----------+----+-----------+-----+-----------+

    * Register: 
    +---------------------------+----+----+-----+-----------+
    |            Name           | FF | LUT| Bits| Const Bits|
    +---------------------------+----+----+-----+-----------+
    |ap_CS_fsm                  |  15|   0|   15|          0|
    |current_cos_V_reg_1990     |  16|   0|   16|          0|
    |flag_V_reg_1986            |   2|   0|    2|          0|
    |icmp_ln1494_reg_1633       |   1|   0|    1|          0|
    |icmp_ln1495_reg_1639       |   1|   0|    1|          0|
    |r_V_25_reg_1776            |  12|   0|   12|          0|
    |r_V_26_reg_1781            |  12|   0|   12|          0|
    |r_V_29_reg_1814            |  10|   0|   10|          0|
    |r_V_30_reg_1819            |  10|   0|   10|          0|
    |r_V_33_reg_1852            |   8|   0|    8|          0|
    |r_V_34_reg_1857            |   8|   0|    8|          0|
    |r_V_37_reg_1890            |   6|   0|    6|          0|
    |r_V_38_reg_1895            |   6|   0|    6|          0|
    |r_V_41_reg_1933            |   4|   0|    4|          0|
    |r_V_42_reg_1938            |   4|   0|    4|          0|
    |r_V_45_reg_1976            |   2|   0|    2|          0|
    |r_V_46_reg_1981            |   2|   0|    2|          0|
    |select_ln1496_11_reg_1802  |  16|   0|   16|          0|
    |select_ln1496_12_reg_1808  |  16|   0|   16|          0|
    |select_ln1496_17_reg_1840  |  16|   0|   16|          0|
    |select_ln1496_18_reg_1846  |  16|   0|   16|          0|
    |select_ln1496_23_reg_1878  |  16|   0|   16|          0|
    |select_ln1496_24_reg_1884  |  16|   0|   16|          0|
    |select_ln1496_29_reg_1916  |  16|   0|   16|          0|
    |select_ln1496_30_reg_1922  |  16|   0|   16|          0|
    |select_ln1496_35_reg_1959  |  16|   0|   16|          0|
    |select_ln1496_36_reg_1965  |  16|   0|   16|          0|
    |select_ln1496_5_reg_1764   |  16|   0|   16|          0|
    |select_ln1496_6_reg_1770   |  16|   0|   16|          0|
    |theta_V_10_reg_1786        |  17|   0|   17|          0|
    |theta_V_11_reg_1824        |  17|   0|   17|          0|
    |theta_V_12_reg_1862        |  17|   0|   17|          0|
    |theta_V_13_reg_1900        |  17|   0|   17|          0|
    |theta_V_14_reg_1928        |  17|   0|   17|          0|
    |theta_V_15_reg_1954        |  17|   0|   17|          0|
    |theta_V_3_reg_1652         |  17|   0|   17|          0|
    |theta_V_4_reg_1668         |  17|   0|   17|          0|
    |theta_V_5_reg_1684         |  17|   0|   17|          0|
    |theta_V_6_reg_1700         |  17|   0|   17|          0|
    |theta_V_7_reg_1716         |  17|   0|   17|          0|
    |theta_V_8_reg_1732         |  17|   0|   17|          0|
    |theta_V_9_reg_1748         |  17|   0|   17|          0|
    |tmp_10_reg_1711            |   1|   0|    1|          0|
    |tmp_11_reg_1721            |   1|   0|    1|          0|
    |tmp_12_reg_1727            |   1|   0|    1|          0|
    |tmp_13_reg_1737            |   1|   0|    1|          0|
    |tmp_14_reg_1743            |   1|   0|    1|          0|
    |tmp_15_reg_1753            |   1|   0|    1|          0|
    |tmp_16_reg_1759            |   1|   0|    1|          0|
    |tmp_17_reg_1791            |   1|   0|    1|          0|
    |tmp_18_reg_1797            |   1|   0|    1|          0|
    |tmp_19_reg_1829            |   1|   0|    1|          0|
    |tmp_20_reg_1835            |   1|   0|    1|          0|
    |tmp_21_reg_1867            |   1|   0|    1|          0|
    |tmp_22_reg_1873            |   1|   0|    1|          0|
    |tmp_23_reg_1905            |   1|   0|    1|          0|
    |tmp_24_reg_1911            |   1|   0|    1|          0|
    |tmp_25_reg_1943            |   1|   0|    1|          0|
    |tmp_26_reg_1949            |   1|   0|    1|          0|
    |tmp_28_reg_1971            |   1|   0|    1|          0|
    |tmp_2_reg_1657             |   1|   0|    1|          0|
    |tmp_3_reg_1663             |   1|   0|    1|          0|
    |tmp_4_reg_1673             |   1|   0|    1|          0|
    |tmp_5_reg_1679             |   1|   0|    1|          0|
    |tmp_7_reg_1689             |   1|   0|    1|          0|
    |tmp_8_reg_1695             |   1|   0|    1|          0|
    |tmp_9_reg_1705             |   1|   0|    1|          0|
    |tmp_reg_1644               |   1|   0|    1|          0|
    +---------------------------+----+----+-----+-----------+
    |Total                      | 558|   0|  558|          0|
    +---------------------------+----+----+-----+-----------+



================================================================
== Interface
================================================================
* Summary: 
+-----------------------+-----+-----+------------+--------------+--------------+
|       RTL Ports       | Dir | Bits|  Protocol  | Source Object|    C Type    |
+-----------------------+-----+-----+------------+--------------+--------------+
|s_axi_control_AWVALID  |   in|    1|       s_axi|       control|       pointer|
|s_axi_control_AWREADY  |  out|    1|       s_axi|       control|       pointer|
|s_axi_control_AWADDR   |   in|    6|       s_axi|       control|       pointer|
|s_axi_control_WVALID   |   in|    1|       s_axi|       control|       pointer|
|s_axi_control_WREADY   |  out|    1|       s_axi|       control|       pointer|
|s_axi_control_WDATA    |   in|   32|       s_axi|       control|       pointer|
|s_axi_control_WSTRB    |   in|    4|       s_axi|       control|       pointer|
|s_axi_control_ARVALID  |   in|    1|       s_axi|       control|       pointer|
|s_axi_control_ARREADY  |  out|    1|       s_axi|       control|       pointer|
|s_axi_control_ARADDR   |   in|    6|       s_axi|       control|       pointer|
|s_axi_control_RVALID   |  out|    1|       s_axi|       control|       pointer|
|s_axi_control_RREADY   |   in|    1|       s_axi|       control|       pointer|
|s_axi_control_RDATA    |  out|   32|       s_axi|       control|       pointer|
|s_axi_control_RRESP    |  out|    2|       s_axi|       control|       pointer|
|s_axi_control_BVALID   |  out|    1|       s_axi|       control|       pointer|
|s_axi_control_BREADY   |   in|    1|       s_axi|       control|       pointer|
|s_axi_control_BRESP    |  out|    2|       s_axi|       control|       pointer|
|ap_clk                 |   in|    1|  ap_ctrl_hs|     rawcordic|  return value|
|ap_rst_n               |   in|    1|  ap_ctrl_hs|     rawcordic|  return value|
|ap_start               |   in|    1|  ap_ctrl_hs|     rawcordic|  return value|
|ap_done                |  out|    1|  ap_ctrl_hs|     rawcordic|  return value|
|ap_idle                |  out|    1|  ap_ctrl_hs|     rawcordic|  return value|
|ap_ready               |  out|    1|  ap_ctrl_hs|     rawcordic|  return value|
+-----------------------+-----+-----+------------+--------------+--------------+

